2020/05/08 03:31:11 *********************************
2020/05/08 03:31:11 INFO | Starting the application...
2020/05/08 03:31:11 INFO | Application is running on port: 8080 
2020/05/08 03:42:46 *********************************
2020/05/08 03:42:46 INFO | Starting the application...
2020/05/08 03:42:46 INFO | Application is running on port: 8080 
2020/05/08 03:44:11 *********************************
2020/05/08 03:44:11 INFO | Starting the application...
2020/05/08 03:44:11 INFO | Application is running on port: 8080 
2020/05/08 04:05:26 [*********************************]
2020/05/08 04:05:26 [INFO | Starting the application...]
2020/05/08 04:05:26 [INFO | Application is running on port: %v 
 8080]
2020/05/08 04:07:10 [*********************************]
2020/05/08 04:07:10 [INFO | Starting the application...]
2020/05/08 04:07:10 [INFO | Application is running on port: %v 	 8080]
2020/05/08 04:08:18 [*********************************]
2020/05/08 04:08:18 [INFO | Starting the application...]
2020/05/08 04:08:18 [INFO | Application is running on port:	 8080]
2020/05/08 04:12:29 *********************************
2020/05/08 04:12:29 INFO | Starting the application...
2020/05/08 04:12:29 INFO | Application is running on port: 8080
2020/05/08 04:14:56 *********************************
2020/05/08 04:14:56 INFO | Starting the application...
2020/05/08 04:14:56 INFO | Application is running on port: 8080
2020/05/08 04:18:09 *********************************
2020/05/08 04:18:09 INFO | Starting the application...
2020/05/08 04:18:09 INFO | Application is running on port: 8080
2020/05/08 04:24:04 *********************************
2020/05/08 04:24:04 INFO | Starting the application...
2020/05/08 04:24:04 INFO | Application is running on port: 8080
2020/05/08 04:25:14 *********************************
2020/05/08 04:25:14 INFO | Starting the application...
2020/05/08 04:25:14 INFO | Application is running on port: 8080
2020/05/08 04:25:32 *********************************
2020/05/08 04:25:32 INFO | Starting the application...
2020/05/08 04:25:32 INFO | Application is running on port: 8080
2020/05/08 04:26:15 *********************************
2020/05/08 04:26:15 INFO | Starting the application...
2020/05/08 04:26:15 INFO | Application is running on port: 8080
2020/05/08 04:27:46 *********************************
2020/05/08 04:27:46 INFO | Starting the application...
2020/05/08 04:27:46 INFO | Application is running on port: 8080
2020/05/08 04:28:34 *********************************
2020/05/08 04:28:34 INFO | Starting the application...
2020/05/08 04:28:34 INFO | Application is running on port: 8080
